2024-09-05T09:33:07.306+04:00  INFO 17352 --- [Test worker] c.l.controller.AuthorControllerTest      : Starting AuthorControllerTest using Java 22.0.1 with PID 17352 (started by mmukhtarov in C:\Users\mmukhtarov\IdeaProjects\Library Management System)
2024-09-05T09:33:07.306+04:00  INFO 17352 --- [Test worker] c.l.controller.AuthorControllerTest      : No active profile set, falling back to 1 default profile: "default"
2024-09-05T09:33:07.969+04:00  INFO 17352 --- [Test worker] .s.d.r.c.RepositoryConfigurationDelegate : Bootstrapping Spring Data JPA repositories in DEFAULT mode.
2024-09-05T09:33:08.048+04:00  INFO 17352 --- [Test worker] .s.d.r.c.RepositoryConfigurationDelegate : Finished Spring Data repository scanning in 69 ms. Found 7 JPA repository interfaces.
2024-09-05T09:33:09.577+04:00  INFO 17352 --- [Test worker] com.zaxxer.hikari.HikariDataSource       : HikariPool-1 - Starting...
2024-09-05T09:33:10.015+04:00  INFO 17352 --- [Test worker] com.zaxxer.hikari.pool.HikariPool        : HikariPool-1 - Added connection com.mysql.cj.jdbc.ConnectionImpl@4c0930c4
2024-09-05T09:33:10.015+04:00  INFO 17352 --- [Test worker] com.zaxxer.hikari.HikariDataSource       : HikariPool-1 - Start completed.
2024-09-05T09:33:10.984+04:00  INFO 17352 --- [Test worker] o.hibernate.jpa.internal.util.LogHelper  : HHH000204: Processing PersistenceUnitInfo [name: default]
2024-09-05T09:33:11.062+04:00  INFO 17352 --- [Test worker] org.hibernate.Version                    : HHH000412: Hibernate ORM core version 6.5.2.Final
2024-09-05T09:33:11.116+04:00  INFO 17352 --- [Test worker] o.h.c.internal.RegionFactoryInitiator    : HHH000026: Second-level cache disabled
2024-09-05T09:33:11.272+04:00  INFO 17352 --- [Test worker] o.s.o.j.p.SpringPersistenceUnitInfo      : No LoadTimeWeaver setup: ignoring JPA class transformer
2024-09-05T09:33:12.334+04:00  INFO 17352 --- [Test worker] o.h.e.t.j.p.i.JtaPlatformInitiator       : HHH000489: No JTA platform available (set 'hibernate.transaction.jta.platform' to enable JTA platform integration)
2024-09-05T09:33:12.678+04:00  INFO 17352 --- [Test worker] j.LocalContainerEntityManagerFactoryBean : Initialized JPA EntityManagerFactory for persistence unit 'default'
2024-09-05T09:33:13.193+04:00  INFO 17352 --- [Test worker] eAuthenticationProviderManagerConfigurer : Global AuthenticationManager configured with AuthenticationProvider bean with name authenticationProvider
2024-09-05T09:33:13.193+04:00  WARN 17352 --- [Test worker] r$InitializeUserDetailsManagerConfigurer : Global AuthenticationManager configured with an AuthenticationProvider bean. UserDetailsService beans will not be used for username/password login. Consider removing the AuthenticationProvider bean. Alternatively, consider using the UserDetailsService in a manually instantiated DaoAuthenticationProvider.
2024-09-05T09:33:13.396+04:00  WARN 17352 --- [Test worker] JpaBaseConfiguration$JpaWebConfiguration : spring.jpa.open-in-view is enabled by default. Therefore, database queries may be performed during view rendering. Explicitly configure spring.jpa.open-in-view to disable this warning
2024-09-05T09:33:14.256+04:00  INFO 17352 --- [Test worker] o.s.b.t.m.w.SpringBootMockServletContext : Initializing Spring TestDispatcherServlet ''
2024-09-05T09:33:14.256+04:00  INFO 17352 --- [Test worker] o.s.t.web.servlet.TestDispatcherServlet  : Initializing Servlet ''
2024-09-05T09:33:14.256+04:00  INFO 17352 --- [Test worker] o.s.t.web.servlet.TestDispatcherServlet  : Completed initialization in 0 ms
2024-09-05T09:33:14.287+04:00  INFO 17352 --- [Test worker] c.l.controller.AuthorControllerTest      : Started AuthorControllerTest in 7.365 seconds (process running for 8.683)
2024-09-05T09:33:14.686+04:00  WARN 17352 --- [Test worker] PageModule$PlainPageSerializationWarning : Serializing PageImpl instances as-is is not supported, meaning that there is no guarantee about the stability of the resulting JSON structure!
	For a stable JSON structure, please use Spring Data's PagedModel (globally via @EnableSpringDataWebSupport(pageSerializationMode = VIA_DTO))
	or Spring HATEOAS and Spring Data's PagedResourcesAssembler as documented in https://docs.spring.io/spring-data/commons/reference/repositories/core-extensions.html#core.web.pageables.

2024-09-05T09:33:14.739+04:00  INFO 17352 --- [SpringApplicationShutdownHook] j.LocalContainerEntityManagerFactoryBean : Closing JPA EntityManagerFactory for persistence unit 'default'
2024-09-05T09:33:14.739+04:00  INFO 17352 --- [SpringApplicationShutdownHook] com.zaxxer.hikari.HikariDataSource       : HikariPool-1 - Shutdown initiated...
2024-09-05T09:33:14.755+04:00  INFO 17352 --- [SpringApplicationShutdownHook] com.zaxxer.hikari.HikariDataSource       : HikariPool-1 - Shutdown completed.
2024-09-05T09:37:03.234+04:00  INFO 3768 --- [Test worker] c.l.controller.UserControllerTest        : Starting UserControllerTest using Java 22.0.1 with PID 3768 (started by mmukhtarov in C:\Users\mmukhtarov\IdeaProjects\Library Management System)
2024-09-05T09:37:03.234+04:00  INFO 3768 --- [Test worker] c.l.controller.UserControllerTest        : No active profile set, falling back to 1 default profile: "default"
2024-09-05T09:37:03.902+04:00  INFO 3768 --- [Test worker] .s.d.r.c.RepositoryConfigurationDelegate : Bootstrapping Spring Data JPA repositories in DEFAULT mode.
2024-09-05T09:37:03.995+04:00  INFO 3768 --- [Test worker] .s.d.r.c.RepositoryConfigurationDelegate : Finished Spring Data repository scanning in 73 ms. Found 7 JPA repository interfaces.
2024-09-05T09:37:05.484+04:00  INFO 3768 --- [Test worker] com.zaxxer.hikari.HikariDataSource       : HikariPool-1 - Starting...
2024-09-05T09:37:05.890+04:00  INFO 3768 --- [Test worker] com.zaxxer.hikari.pool.HikariPool        : HikariPool-1 - Added connection com.mysql.cj.jdbc.ConnectionImpl@2051a0ec
2024-09-05T09:37:05.906+04:00  INFO 3768 --- [Test worker] com.zaxxer.hikari.HikariDataSource       : HikariPool-1 - Start completed.
2024-09-05T09:37:06.648+04:00  INFO 3768 --- [Test worker] o.hibernate.jpa.internal.util.LogHelper  : HHH000204: Processing PersistenceUnitInfo [name: default]
2024-09-05T09:37:06.726+04:00  INFO 3768 --- [Test worker] org.hibernate.Version                    : HHH000412: Hibernate ORM core version 6.5.2.Final
2024-09-05T09:37:06.773+04:00  INFO 3768 --- [Test worker] o.h.c.internal.RegionFactoryInitiator    : HHH000026: Second-level cache disabled
2024-09-05T09:37:06.929+04:00  INFO 3768 --- [Test worker] o.s.o.j.p.SpringPersistenceUnitInfo      : No LoadTimeWeaver setup: ignoring JPA class transformer
2024-09-05T09:37:08.023+04:00  INFO 3768 --- [Test worker] o.h.e.t.j.p.i.JtaPlatformInitiator       : HHH000489: No JTA platform available (set 'hibernate.transaction.jta.platform' to enable JTA platform integration)
2024-09-05T09:37:08.414+04:00  INFO 3768 --- [Test worker] j.LocalContainerEntityManagerFactoryBean : Initialized JPA EntityManagerFactory for persistence unit 'default'
2024-09-05T09:37:09.195+04:00  INFO 3768 --- [Test worker] eAuthenticationProviderManagerConfigurer : Global AuthenticationManager configured with AuthenticationProvider bean with name authenticationProvider
2024-09-05T09:37:09.195+04:00  WARN 3768 --- [Test worker] r$InitializeUserDetailsManagerConfigurer : Global AuthenticationManager configured with an AuthenticationProvider bean. UserDetailsService beans will not be used for username/password login. Consider removing the AuthenticationProvider bean. Alternatively, consider using the UserDetailsService in a manually instantiated DaoAuthenticationProvider.
2024-09-05T09:37:09.226+04:00  WARN 3768 --- [Test worker] JpaBaseConfiguration$JpaWebConfiguration : spring.jpa.open-in-view is enabled by default. Therefore, database queries may be performed during view rendering. Explicitly configure spring.jpa.open-in-view to disable this warning
2024-09-05T09:37:10.101+04:00  INFO 3768 --- [Test worker] o.s.b.t.m.w.SpringBootMockServletContext : Initializing Spring TestDispatcherServlet ''
2024-09-05T09:37:10.101+04:00  INFO 3768 --- [Test worker] o.s.t.web.servlet.TestDispatcherServlet  : Initializing Servlet ''
2024-09-05T09:37:10.101+04:00  INFO 3768 --- [Test worker] o.s.t.web.servlet.TestDispatcherServlet  : Completed initialization in 0 ms
2024-09-05T09:37:10.132+04:00  INFO 3768 --- [Test worker] c.l.controller.UserControllerTest        : Started UserControllerTest in 7.262 seconds (process running for 8.534)
2024-09-05T09:37:10.327+04:00  WARN 3768 --- [Test worker] PageModule$PlainPageSerializationWarning : Serializing PageImpl instances as-is is not supported, meaning that there is no guarantee about the stability of the resulting JSON structure!
	For a stable JSON structure, please use Spring Data's PagedModel (globally via @EnableSpringDataWebSupport(pageSerializationMode = VIA_DTO))
	or Spring HATEOAS and Spring Data's PagedResourcesAssembler as documented in https://docs.spring.io/spring-data/commons/reference/repositories/core-extensions.html#core.web.pageables.

2024-09-05T09:37:10.582+04:00  INFO 3768 --- [SpringApplicationShutdownHook] j.LocalContainerEntityManagerFactoryBean : Closing JPA EntityManagerFactory for persistence unit 'default'
2024-09-05T09:37:10.582+04:00  INFO 3768 --- [SpringApplicationShutdownHook] com.zaxxer.hikari.HikariDataSource       : HikariPool-1 - Shutdown initiated...
2024-09-05T09:37:10.599+04:00  INFO 3768 --- [SpringApplicationShutdownHook] com.zaxxer.hikari.HikariDataSource       : HikariPool-1 - Shutdown completed.
2024-09-05T09:39:45.221+04:00  INFO 16112 --- [Test worker] c.l.controller.UserControllerTest        : Starting UserControllerTest using Java 22.0.1 with PID 16112 (started by mmukhtarov in C:\Users\mmukhtarov\IdeaProjects\Library Management System)
2024-09-05T09:39:45.221+04:00  INFO 16112 --- [Test worker] c.l.controller.UserControllerTest        : No active profile set, falling back to 1 default profile: "default"
2024-09-05T09:39:45.880+04:00  INFO 16112 --- [Test worker] .s.d.r.c.RepositoryConfigurationDelegate : Bootstrapping Spring Data JPA repositories in DEFAULT mode.
2024-09-05T09:39:45.958+04:00  INFO 16112 --- [Test worker] .s.d.r.c.RepositoryConfigurationDelegate : Finished Spring Data repository scanning in 70 ms. Found 7 JPA repository interfaces.
2024-09-05T09:39:47.583+04:00  INFO 16112 --- [Test worker] com.zaxxer.hikari.HikariDataSource       : HikariPool-1 - Starting...
2024-09-05T09:39:48.021+04:00  INFO 16112 --- [Test worker] com.zaxxer.hikari.pool.HikariPool        : HikariPool-1 - Added connection com.mysql.cj.jdbc.ConnectionImpl@79631db0
2024-09-05T09:39:48.021+04:00  INFO 16112 --- [Test worker] com.zaxxer.hikari.HikariDataSource       : HikariPool-1 - Start completed.
2024-09-05T09:39:48.779+04:00  INFO 16112 --- [Test worker] o.hibernate.jpa.internal.util.LogHelper  : HHH000204: Processing PersistenceUnitInfo [name: default]
2024-09-05T09:39:48.857+04:00  INFO 16112 --- [Test worker] org.hibernate.Version                    : HHH000412: Hibernate ORM core version 6.5.2.Final
2024-09-05T09:39:48.904+04:00  INFO 16112 --- [Test worker] o.h.c.internal.RegionFactoryInitiator    : HHH000026: Second-level cache disabled
2024-09-05T09:39:49.060+04:00  INFO 16112 --- [Test worker] o.s.o.j.p.SpringPersistenceUnitInfo      : No LoadTimeWeaver setup: ignoring JPA class transformer
2024-09-05T09:39:50.216+04:00  INFO 16112 --- [Test worker] o.h.e.t.j.p.i.JtaPlatformInitiator       : HHH000489: No JTA platform available (set 'hibernate.transaction.jta.platform' to enable JTA platform integration)
2024-09-05T09:39:50.575+04:00  INFO 16112 --- [Test worker] j.LocalContainerEntityManagerFactoryBean : Initialized JPA EntityManagerFactory for persistence unit 'default'
2024-09-05T09:39:51.341+04:00  INFO 16112 --- [Test worker] eAuthenticationProviderManagerConfigurer : Global AuthenticationManager configured with AuthenticationProvider bean with name authenticationProvider
2024-09-05T09:39:51.341+04:00  WARN 16112 --- [Test worker] r$InitializeUserDetailsManagerConfigurer : Global AuthenticationManager configured with an AuthenticationProvider bean. UserDetailsService beans will not be used for username/password login. Consider removing the AuthenticationProvider bean. Alternatively, consider using the UserDetailsService in a manually instantiated DaoAuthenticationProvider.
2024-09-05T09:39:51.372+04:00  WARN 16112 --- [Test worker] JpaBaseConfiguration$JpaWebConfiguration : spring.jpa.open-in-view is enabled by default. Therefore, database queries may be performed during view rendering. Explicitly configure spring.jpa.open-in-view to disable this warning
2024-09-05T09:39:52.169+04:00  INFO 16112 --- [Test worker] o.s.b.t.m.w.SpringBootMockServletContext : Initializing Spring TestDispatcherServlet ''
2024-09-05T09:39:52.169+04:00  INFO 16112 --- [Test worker] o.s.t.web.servlet.TestDispatcherServlet  : Initializing Servlet ''
2024-09-05T09:39:52.169+04:00  INFO 16112 --- [Test worker] o.s.t.web.servlet.TestDispatcherServlet  : Completed initialization in 0 ms
2024-09-05T09:39:52.200+04:00  INFO 16112 --- [Test worker] c.l.controller.UserControllerTest        : Started UserControllerTest in 7.354 seconds (process running for 8.63)
2024-09-05T09:39:52.372+04:00  WARN 16112 --- [Test worker] PageModule$PlainPageSerializationWarning : Serializing PageImpl instances as-is is not supported, meaning that there is no guarantee about the stability of the resulting JSON structure!
	For a stable JSON structure, please use Spring Data's PagedModel (globally via @EnableSpringDataWebSupport(pageSerializationMode = VIA_DTO))
	or Spring HATEOAS and Spring Data's PagedResourcesAssembler as documented in https://docs.spring.io/spring-data/commons/reference/repositories/core-extensions.html#core.web.pageables.

2024-09-05T09:39:52.573+04:00  INFO 16112 --- [SpringApplicationShutdownHook] j.LocalContainerEntityManagerFactoryBean : Closing JPA EntityManagerFactory for persistence unit 'default'
2024-09-05T09:39:52.573+04:00  INFO 16112 --- [SpringApplicationShutdownHook] com.zaxxer.hikari.HikariDataSource       : HikariPool-1 - Shutdown initiated...
2024-09-05T09:39:52.588+04:00  INFO 16112 --- [SpringApplicationShutdownHook] com.zaxxer.hikari.HikariDataSource       : HikariPool-1 - Shutdown completed.
2024-09-05T09:40:12.143+04:00  INFO 12584 --- [Test worker] c.l.controller.ReviewControllerTest      : Starting ReviewControllerTest using Java 22.0.1 with PID 12584 (started by mmukhtarov in C:\Users\mmukhtarov\IdeaProjects\Library Management System)
2024-09-05T09:40:12.143+04:00  INFO 12584 --- [Test worker] c.l.controller.ReviewControllerTest      : No active profile set, falling back to 1 default profile: "default"
2024-09-05T09:40:12.710+04:00  INFO 12584 --- [Test worker] .s.d.r.c.RepositoryConfigurationDelegate : Bootstrapping Spring Data JPA repositories in DEFAULT mode.
2024-09-05T09:40:12.788+04:00  INFO 12584 --- [Test worker] .s.d.r.c.RepositoryConfigurationDelegate : Finished Spring Data repository scanning in 64 ms. Found 7 JPA repository interfaces.
2024-09-05T09:40:14.099+04:00  INFO 12584 --- [Test worker] com.zaxxer.hikari.HikariDataSource       : HikariPool-1 - Starting...
2024-09-05T09:40:14.427+04:00  INFO 12584 --- [Test worker] com.zaxxer.hikari.pool.HikariPool        : HikariPool-1 - Added connection com.mysql.cj.jdbc.ConnectionImpl@4cb58e8b
2024-09-05T09:40:14.427+04:00  INFO 12584 --- [Test worker] com.zaxxer.hikari.HikariDataSource       : HikariPool-1 - Start completed.
2024-09-05T09:40:15.212+04:00  INFO 12584 --- [Test worker] o.hibernate.jpa.internal.util.LogHelper  : HHH000204: Processing PersistenceUnitInfo [name: default]
2024-09-05T09:40:15.275+04:00  INFO 12584 --- [Test worker] org.hibernate.Version                    : HHH000412: Hibernate ORM core version 6.5.2.Final
2024-09-05T09:40:15.306+04:00  INFO 12584 --- [Test worker] o.h.c.internal.RegionFactoryInitiator    : HHH000026: Second-level cache disabled
2024-09-05T09:40:15.446+04:00  INFO 12584 --- [Test worker] o.s.o.j.p.SpringPersistenceUnitInfo      : No LoadTimeWeaver setup: ignoring JPA class transformer
2024-09-05T09:40:16.579+04:00  INFO 12584 --- [Test worker] o.h.e.t.j.p.i.JtaPlatformInitiator       : HHH000489: No JTA platform available (set 'hibernate.transaction.jta.platform' to enable JTA platform integration)
2024-09-05T09:40:16.892+04:00  INFO 12584 --- [Test worker] j.LocalContainerEntityManagerFactoryBean : Initialized JPA EntityManagerFactory for persistence unit 'default'
2024-09-05T09:40:17.423+04:00  INFO 12584 --- [Test worker] eAuthenticationProviderManagerConfigurer : Global AuthenticationManager configured with AuthenticationProvider bean with name authenticationProvider
2024-09-05T09:40:17.423+04:00  WARN 12584 --- [Test worker] r$InitializeUserDetailsManagerConfigurer : Global AuthenticationManager configured with an AuthenticationProvider bean. UserDetailsService beans will not be used for username/password login. Consider removing the AuthenticationProvider bean. Alternatively, consider using the UserDetailsService in a manually instantiated DaoAuthenticationProvider.
2024-09-05T09:40:17.657+04:00  WARN 12584 --- [Test worker] JpaBaseConfiguration$JpaWebConfiguration : spring.jpa.open-in-view is enabled by default. Therefore, database queries may be performed during view rendering. Explicitly configure spring.jpa.open-in-view to disable this warning
2024-09-05T09:40:18.470+04:00  INFO 12584 --- [Test worker] o.s.b.t.m.w.SpringBootMockServletContext : Initializing Spring TestDispatcherServlet ''
2024-09-05T09:40:18.470+04:00  INFO 12584 --- [Test worker] o.s.t.web.servlet.TestDispatcherServlet  : Initializing Servlet ''
2024-09-05T09:40:18.470+04:00  INFO 12584 --- [Test worker] o.s.t.web.servlet.TestDispatcherServlet  : Completed initialization in 0 ms
2024-09-05T09:40:18.501+04:00  INFO 12584 --- [Test worker] c.l.controller.ReviewControllerTest      : Started ReviewControllerTest in 6.732 seconds (process running for 7.884)
2024-09-05T09:40:18.710+04:00  WARN 12584 --- [Test worker] PageModule$PlainPageSerializationWarning : Serializing PageImpl instances as-is is not supported, meaning that there is no guarantee about the stability of the resulting JSON structure!
	For a stable JSON structure, please use Spring Data's PagedModel (globally via @EnableSpringDataWebSupport(pageSerializationMode = VIA_DTO))
	or Spring HATEOAS and Spring Data's PagedResourcesAssembler as documented in https://docs.spring.io/spring-data/commons/reference/repositories/core-extensions.html#core.web.pageables.

2024-09-05T09:40:18.912+04:00  INFO 12584 --- [SpringApplicationShutdownHook] j.LocalContainerEntityManagerFactoryBean : Closing JPA EntityManagerFactory for persistence unit 'default'
2024-09-05T09:40:18.912+04:00  INFO 12584 --- [SpringApplicationShutdownHook] com.zaxxer.hikari.HikariDataSource       : HikariPool-1 - Shutdown initiated...
2024-09-05T09:40:18.928+04:00  INFO 12584 --- [SpringApplicationShutdownHook] com.zaxxer.hikari.HikariDataSource       : HikariPool-1 - Shutdown completed.
2024-09-05T09:40:39.436+04:00  INFO 16232 --- [Test worker] c.l.c.PublishingHouseControllerTest      : Starting PublishingHouseControllerTest using Java 22.0.1 with PID 16232 (started by mmukhtarov in C:\Users\mmukhtarov\IdeaProjects\Library Management System)
2024-09-05T09:40:39.436+04:00  INFO 16232 --- [Test worker] c.l.c.PublishingHouseControllerTest      : No active profile set, falling back to 1 default profile: "default"
2024-09-05T09:40:40.017+04:00  INFO 16232 --- [Test worker] .s.d.r.c.RepositoryConfigurationDelegate : Bootstrapping Spring Data JPA repositories in DEFAULT mode.
2024-09-05T09:40:40.079+04:00  INFO 16232 --- [Test worker] .s.d.r.c.RepositoryConfigurationDelegate : Finished Spring Data repository scanning in 62 ms. Found 7 JPA repository interfaces.
2024-09-05T09:40:41.501+04:00  INFO 16232 --- [Test worker] com.zaxxer.hikari.HikariDataSource       : HikariPool-1 - Starting...
2024-09-05T09:40:41.829+04:00  INFO 16232 --- [Test worker] com.zaxxer.hikari.pool.HikariPool        : HikariPool-1 - Added connection com.mysql.cj.jdbc.ConnectionImpl@1bf10539
2024-09-05T09:40:41.829+04:00  INFO 16232 --- [Test worker] com.zaxxer.hikari.HikariDataSource       : HikariPool-1 - Start completed.
2024-09-05T09:40:42.512+04:00  INFO 16232 --- [Test worker] o.hibernate.jpa.internal.util.LogHelper  : HHH000204: Processing PersistenceUnitInfo [name: default]
2024-09-05T09:40:42.574+04:00  INFO 16232 --- [Test worker] org.hibernate.Version                    : HHH000412: Hibernate ORM core version 6.5.2.Final
2024-09-05T09:40:42.606+04:00  INFO 16232 --- [Test worker] o.h.c.internal.RegionFactoryInitiator    : HHH000026: Second-level cache disabled
2024-09-05T09:40:42.746+04:00  INFO 16232 --- [Test worker] o.s.o.j.p.SpringPersistenceUnitInfo      : No LoadTimeWeaver setup: ignoring JPA class transformer
2024-09-05T09:40:43.824+04:00  INFO 16232 --- [Test worker] o.h.e.t.j.p.i.JtaPlatformInitiator       : HHH000489: No JTA platform available (set 'hibernate.transaction.jta.platform' to enable JTA platform integration)
2024-09-05T09:40:44.137+04:00  INFO 16232 --- [Test worker] j.LocalContainerEntityManagerFactoryBean : Initialized JPA EntityManagerFactory for persistence unit 'default'
2024-09-05T09:40:44.636+04:00  INFO 16232 --- [Test worker] eAuthenticationProviderManagerConfigurer : Global AuthenticationManager configured with AuthenticationProvider bean with name authenticationProvider
2024-09-05T09:40:44.636+04:00  WARN 16232 --- [Test worker] r$InitializeUserDetailsManagerConfigurer : Global AuthenticationManager configured with an AuthenticationProvider bean. UserDetailsService beans will not be used for username/password login. Consider removing the AuthenticationProvider bean. Alternatively, consider using the UserDetailsService in a manually instantiated DaoAuthenticationProvider.
2024-09-05T09:40:44.855+04:00  WARN 16232 --- [Test worker] JpaBaseConfiguration$JpaWebConfiguration : spring.jpa.open-in-view is enabled by default. Therefore, database queries may be performed during view rendering. Explicitly configure spring.jpa.open-in-view to disable this warning
2024-09-05T09:40:45.588+04:00  INFO 16232 --- [Test worker] o.s.b.t.m.w.SpringBootMockServletContext : Initializing Spring TestDispatcherServlet ''
2024-09-05T09:40:45.588+04:00  INFO 16232 --- [Test worker] o.s.t.web.servlet.TestDispatcherServlet  : Initializing Servlet ''
2024-09-05T09:40:45.588+04:00  INFO 16232 --- [Test worker] o.s.t.web.servlet.TestDispatcherServlet  : Completed initialization in 0 ms
2024-09-05T09:40:45.603+04:00  INFO 16232 --- [Test worker] c.l.c.PublishingHouseControllerTest      : Started PublishingHouseControllerTest in 6.568 seconds (process running for 7.801)
2024-09-05T09:40:45.924+04:00  WARN 16232 --- [Test worker] PageModule$PlainPageSerializationWarning : Serializing PageImpl instances as-is is not supported, meaning that there is no guarantee about the stability of the resulting JSON structure!
	For a stable JSON structure, please use Spring Data's PagedModel (globally via @EnableSpringDataWebSupport(pageSerializationMode = VIA_DTO))
	or Spring HATEOAS and Spring Data's PagedResourcesAssembler as documented in https://docs.spring.io/spring-data/commons/reference/repositories/core-extensions.html#core.web.pageables.

2024-09-05T09:40:45.960+04:00  INFO 16232 --- [SpringApplicationShutdownHook] j.LocalContainerEntityManagerFactoryBean : Closing JPA EntityManagerFactory for persistence unit 'default'
2024-09-05T09:40:45.960+04:00  INFO 16232 --- [SpringApplicationShutdownHook] com.zaxxer.hikari.HikariDataSource       : HikariPool-1 - Shutdown initiated...
2024-09-05T09:40:45.976+04:00  INFO 16232 --- [SpringApplicationShutdownHook] com.zaxxer.hikari.HikariDataSource       : HikariPool-1 - Shutdown completed.
2024-09-05T09:41:08.599+04:00  INFO 17044 --- [Test worker] c.l.controller.GenreControllerTest       : Starting GenreControllerTest using Java 22.0.1 with PID 17044 (started by mmukhtarov in C:\Users\mmukhtarov\IdeaProjects\Library Management System)
2024-09-05T09:41:08.599+04:00  INFO 17044 --- [Test worker] c.l.controller.GenreControllerTest       : No active profile set, falling back to 1 default profile: "default"
2024-09-05T09:41:09.186+04:00  INFO 17044 --- [Test worker] .s.d.r.c.RepositoryConfigurationDelegate : Bootstrapping Spring Data JPA repositories in DEFAULT mode.
2024-09-05T09:41:09.264+04:00  INFO 17044 --- [Test worker] .s.d.r.c.RepositoryConfigurationDelegate : Finished Spring Data repository scanning in 72 ms. Found 7 JPA repository interfaces.
2024-09-05T09:41:10.686+04:00  INFO 17044 --- [Test worker] com.zaxxer.hikari.HikariDataSource       : HikariPool-1 - Starting...
2024-09-05T09:41:11.030+04:00  INFO 17044 --- [Test worker] com.zaxxer.hikari.pool.HikariPool        : HikariPool-1 - Added connection com.mysql.cj.jdbc.ConnectionImpl@6fbcc078
2024-09-05T09:41:11.030+04:00  INFO 17044 --- [Test worker] com.zaxxer.hikari.HikariDataSource       : HikariPool-1 - Start completed.
2024-09-05T09:41:11.685+04:00  INFO 17044 --- [Test worker] o.hibernate.jpa.internal.util.LogHelper  : HHH000204: Processing PersistenceUnitInfo [name: default]
2024-09-05T09:41:11.747+04:00  INFO 17044 --- [Test worker] org.hibernate.Version                    : HHH000412: Hibernate ORM core version 6.5.2.Final
2024-09-05T09:41:11.794+04:00  INFO 17044 --- [Test worker] o.h.c.internal.RegionFactoryInitiator    : HHH000026: Second-level cache disabled
2024-09-05T09:41:11.919+04:00  INFO 17044 --- [Test worker] o.s.o.j.p.SpringPersistenceUnitInfo      : No LoadTimeWeaver setup: ignoring JPA class transformer
2024-09-05T09:41:12.934+04:00  INFO 17044 --- [Test worker] o.h.e.t.j.p.i.JtaPlatformInitiator       : HHH000489: No JTA platform available (set 'hibernate.transaction.jta.platform' to enable JTA platform integration)
2024-09-05T09:41:13.262+04:00  INFO 17044 --- [Test worker] j.LocalContainerEntityManagerFactoryBean : Initialized JPA EntityManagerFactory for persistence unit 'default'
2024-09-05T09:41:13.747+04:00  INFO 17044 --- [Test worker] eAuthenticationProviderManagerConfigurer : Global AuthenticationManager configured with AuthenticationProvider bean with name authenticationProvider
2024-09-05T09:41:13.747+04:00  WARN 17044 --- [Test worker] r$InitializeUserDetailsManagerConfigurer : Global AuthenticationManager configured with an AuthenticationProvider bean. UserDetailsService beans will not be used for username/password login. Consider removing the AuthenticationProvider bean. Alternatively, consider using the UserDetailsService in a manually instantiated DaoAuthenticationProvider.
2024-09-05T09:41:13.965+04:00  WARN 17044 --- [Test worker] JpaBaseConfiguration$JpaWebConfiguration : spring.jpa.open-in-view is enabled by default. Therefore, database queries may be performed during view rendering. Explicitly configure spring.jpa.open-in-view to disable this warning
2024-09-05T09:41:14.731+04:00  INFO 17044 --- [Test worker] o.s.b.t.m.w.SpringBootMockServletContext : Initializing Spring TestDispatcherServlet ''
2024-09-05T09:41:14.731+04:00  INFO 17044 --- [Test worker] o.s.t.web.servlet.TestDispatcherServlet  : Initializing Servlet ''
2024-09-05T09:41:14.731+04:00  INFO 17044 --- [Test worker] o.s.t.web.servlet.TestDispatcherServlet  : Completed initialization in 0 ms
2024-09-05T09:41:14.746+04:00  INFO 17044 --- [Test worker] c.l.controller.GenreControllerTest       : Started GenreControllerTest in 6.496 seconds (process running for 7.662)
2024-09-05T09:41:14.975+04:00  WARN 17044 --- [Test worker] PageModule$PlainPageSerializationWarning : Serializing PageImpl instances as-is is not supported, meaning that there is no guarantee about the stability of the resulting JSON structure!
	For a stable JSON structure, please use Spring Data's PagedModel (globally via @EnableSpringDataWebSupport(pageSerializationMode = VIA_DTO))
	or Spring HATEOAS and Spring Data's PagedResourcesAssembler as documented in https://docs.spring.io/spring-data/commons/reference/repositories/core-extensions.html#core.web.pageables.

2024-09-05T09:41:15.101+04:00  INFO 17044 --- [SpringApplicationShutdownHook] j.LocalContainerEntityManagerFactoryBean : Closing JPA EntityManagerFactory for persistence unit 'default'
2024-09-05T09:41:15.117+04:00  INFO 17044 --- [SpringApplicationShutdownHook] com.zaxxer.hikari.HikariDataSource       : HikariPool-1 - Shutdown initiated...
2024-09-05T09:41:15.117+04:00  INFO 17044 --- [SpringApplicationShutdownHook] com.zaxxer.hikari.HikariDataSource       : HikariPool-1 - Shutdown completed.
2024-09-05T09:41:42.905+04:00  INFO 4752 --- [Test worker] c.l.controller.BookControllerTest        : Starting BookControllerTest using Java 22.0.1 with PID 4752 (started by mmukhtarov in C:\Users\mmukhtarov\IdeaProjects\Library Management System)
2024-09-05T09:41:42.905+04:00  INFO 4752 --- [Test worker] c.l.controller.BookControllerTest        : No active profile set, falling back to 1 default profile: "default"
2024-09-05T09:41:43.473+04:00  INFO 4752 --- [Test worker] .s.d.r.c.RepositoryConfigurationDelegate : Bootstrapping Spring Data JPA repositories in DEFAULT mode.
2024-09-05T09:41:43.536+04:00  INFO 4752 --- [Test worker] .s.d.r.c.RepositoryConfigurationDelegate : Finished Spring Data repository scanning in 67 ms. Found 7 JPA repository interfaces.
2024-09-05T09:41:44.891+04:00  INFO 4752 --- [Test worker] com.zaxxer.hikari.HikariDataSource       : HikariPool-1 - Starting...
2024-09-05T09:41:45.202+04:00  INFO 4752 --- [Test worker] com.zaxxer.hikari.pool.HikariPool        : HikariPool-1 - Added connection com.mysql.cj.jdbc.ConnectionImpl@5cb6abc8
2024-09-05T09:41:45.202+04:00  INFO 4752 --- [Test worker] com.zaxxer.hikari.HikariDataSource       : HikariPool-1 - Start completed.
2024-09-05T09:41:45.889+04:00  INFO 4752 --- [Test worker] o.hibernate.jpa.internal.util.LogHelper  : HHH000204: Processing PersistenceUnitInfo [name: default]
2024-09-05T09:41:45.952+04:00  INFO 4752 --- [Test worker] org.hibernate.Version                    : HHH000412: Hibernate ORM core version 6.5.2.Final
2024-09-05T09:41:45.999+04:00  INFO 4752 --- [Test worker] o.h.c.internal.RegionFactoryInitiator    : HHH000026: Second-level cache disabled
2024-09-05T09:41:46.124+04:00  INFO 4752 --- [Test worker] o.s.o.j.p.SpringPersistenceUnitInfo      : No LoadTimeWeaver setup: ignoring JPA class transformer
2024-09-05T09:41:47.092+04:00  INFO 4752 --- [Test worker] o.h.e.t.j.p.i.JtaPlatformInitiator       : HHH000489: No JTA platform available (set 'hibernate.transaction.jta.platform' to enable JTA platform integration)
2024-09-05T09:41:47.404+04:00  INFO 4752 --- [Test worker] j.LocalContainerEntityManagerFactoryBean : Initialized JPA EntityManagerFactory for persistence unit 'default'
2024-09-05T09:41:47.904+04:00  INFO 4752 --- [Test worker] eAuthenticationProviderManagerConfigurer : Global AuthenticationManager configured with AuthenticationProvider bean with name authenticationProvider
2024-09-05T09:41:47.904+04:00  WARN 4752 --- [Test worker] r$InitializeUserDetailsManagerConfigurer : Global AuthenticationManager configured with an AuthenticationProvider bean. UserDetailsService beans will not be used for username/password login. Consider removing the AuthenticationProvider bean. Alternatively, consider using the UserDetailsService in a manually instantiated DaoAuthenticationProvider.
2024-09-05T09:41:48.170+04:00  WARN 4752 --- [Test worker] JpaBaseConfiguration$JpaWebConfiguration : spring.jpa.open-in-view is enabled by default. Therefore, database queries may be performed during view rendering. Explicitly configure spring.jpa.open-in-view to disable this warning
2024-09-05T09:41:48.935+04:00  INFO 4752 --- [Test worker] o.s.b.t.m.w.SpringBootMockServletContext : Initializing Spring TestDispatcherServlet ''
2024-09-05T09:41:48.935+04:00  INFO 4752 --- [Test worker] o.s.t.web.servlet.TestDispatcherServlet  : Initializing Servlet ''
2024-09-05T09:41:48.935+04:00  INFO 4752 --- [Test worker] o.s.t.web.servlet.TestDispatcherServlet  : Completed initialization in 0 ms
2024-09-05T09:41:48.967+04:00  INFO 4752 --- [Test worker] c.l.controller.BookControllerTest        : Started BookControllerTest in 6.41 seconds (process running for 7.562)
2024-09-05T09:41:49.265+04:00  WARN 4752 --- [Test worker] PageModule$PlainPageSerializationWarning : Serializing PageImpl instances as-is is not supported, meaning that there is no guarantee about the stability of the resulting JSON structure!
	For a stable JSON structure, please use Spring Data's PagedModel (globally via @EnableSpringDataWebSupport(pageSerializationMode = VIA_DTO))
	or Spring HATEOAS and Spring Data's PagedResourcesAssembler as documented in https://docs.spring.io/spring-data/commons/reference/repositories/core-extensions.html#core.web.pageables.

2024-09-05T09:41:49.387+04:00  INFO 4752 --- [SpringApplicationShutdownHook] j.LocalContainerEntityManagerFactoryBean : Closing JPA EntityManagerFactory for persistence unit 'default'
2024-09-05T09:41:49.387+04:00  INFO 4752 --- [SpringApplicationShutdownHook] com.zaxxer.hikari.HikariDataSource       : HikariPool-1 - Shutdown initiated...
2024-09-05T09:41:49.402+04:00  INFO 4752 --- [SpringApplicationShutdownHook] com.zaxxer.hikari.HikariDataSource       : HikariPool-1 - Shutdown completed.
2024-09-05T09:42:09.891+04:00  INFO 4340 --- [Test worker] c.l.controller.AuthorControllerTest      : Starting AuthorControllerTest using Java 22.0.1 with PID 4340 (started by mmukhtarov in C:\Users\mmukhtarov\IdeaProjects\Library Management System)
2024-09-05T09:42:09.891+04:00  INFO 4340 --- [Test worker] c.l.controller.AuthorControllerTest      : No active profile set, falling back to 1 default profile: "default"
2024-09-05T09:42:10.458+04:00  INFO 4340 --- [Test worker] .s.d.r.c.RepositoryConfigurationDelegate : Bootstrapping Spring Data JPA repositories in DEFAULT mode.
2024-09-05T09:42:10.536+04:00  INFO 4340 --- [Test worker] .s.d.r.c.RepositoryConfigurationDelegate : Finished Spring Data repository scanning in 67 ms. Found 7 JPA repository interfaces.
2024-09-05T09:42:11.832+04:00  INFO 4340 --- [Test worker] com.zaxxer.hikari.HikariDataSource       : HikariPool-1 - Starting...
2024-09-05T09:42:12.176+04:00  INFO 4340 --- [Test worker] com.zaxxer.hikari.pool.HikariPool        : HikariPool-1 - Added connection com.mysql.cj.jdbc.ConnectionImpl@8bde368
2024-09-05T09:42:12.176+04:00  INFO 4340 --- [Test worker] com.zaxxer.hikari.HikariDataSource       : HikariPool-1 - Start completed.
2024-09-05T09:42:12.864+04:00  INFO 4340 --- [Test worker] o.hibernate.jpa.internal.util.LogHelper  : HHH000204: Processing PersistenceUnitInfo [name: default]
2024-09-05T09:42:12.927+04:00  INFO 4340 --- [Test worker] org.hibernate.Version                    : HHH000412: Hibernate ORM core version 6.5.2.Final
2024-09-05T09:42:12.974+04:00  INFO 4340 --- [Test worker] o.h.c.internal.RegionFactoryInitiator    : HHH000026: Second-level cache disabled
2024-09-05T09:42:13.145+04:00  INFO 4340 --- [Test worker] o.s.o.j.p.SpringPersistenceUnitInfo      : No LoadTimeWeaver setup: ignoring JPA class transformer
2024-09-05T09:42:14.130+04:00  INFO 4340 --- [Test worker] o.h.e.t.j.p.i.JtaPlatformInitiator       : HHH000489: No JTA platform available (set 'hibernate.transaction.jta.platform' to enable JTA platform integration)
2024-09-05T09:42:14.473+04:00  INFO 4340 --- [Test worker] j.LocalContainerEntityManagerFactoryBean : Initialized JPA EntityManagerFactory for persistence unit 'default'
2024-09-05T09:42:14.973+04:00  INFO 4340 --- [Test worker] eAuthenticationProviderManagerConfigurer : Global AuthenticationManager configured with AuthenticationProvider bean with name authenticationProvider
2024-09-05T09:42:14.973+04:00  WARN 4340 --- [Test worker] r$InitializeUserDetailsManagerConfigurer : Global AuthenticationManager configured with an AuthenticationProvider bean. UserDetailsService beans will not be used for username/password login. Consider removing the AuthenticationProvider bean. Alternatively, consider using the UserDetailsService in a manually instantiated DaoAuthenticationProvider.
2024-09-05T09:42:15.192+04:00  WARN 4340 --- [Test worker] JpaBaseConfiguration$JpaWebConfiguration : spring.jpa.open-in-view is enabled by default. Therefore, database queries may be performed during view rendering. Explicitly configure spring.jpa.open-in-view to disable this warning
2024-09-05T09:42:15.958+04:00  INFO 4340 --- [Test worker] o.s.b.t.m.w.SpringBootMockServletContext : Initializing Spring TestDispatcherServlet ''
2024-09-05T09:42:15.958+04:00  INFO 4340 --- [Test worker] o.s.t.web.servlet.TestDispatcherServlet  : Initializing Servlet ''
2024-09-05T09:42:15.958+04:00  INFO 4340 --- [Test worker] o.s.t.web.servlet.TestDispatcherServlet  : Completed initialization in 0 ms
2024-09-05T09:42:15.989+04:00  INFO 4340 --- [Test worker] c.l.controller.AuthorControllerTest      : Started AuthorControllerTest in 6.463 seconds (process running for 7.617)
2024-09-05T09:42:16.302+04:00  WARN 4340 --- [Test worker] PageModule$PlainPageSerializationWarning : Serializing PageImpl instances as-is is not supported, meaning that there is no guarantee about the stability of the resulting JSON structure!
	For a stable JSON structure, please use Spring Data's PagedModel (globally via @EnableSpringDataWebSupport(pageSerializationMode = VIA_DTO))
	or Spring HATEOAS and Spring Data's PagedResourcesAssembler as documented in https://docs.spring.io/spring-data/commons/reference/repositories/core-extensions.html#core.web.pageables.

2024-09-05T09:42:16.354+04:00  INFO 4340 --- [SpringApplicationShutdownHook] j.LocalContainerEntityManagerFactoryBean : Closing JPA EntityManagerFactory for persistence unit 'default'
2024-09-05T09:42:16.354+04:00  INFO 4340 --- [SpringApplicationShutdownHook] com.zaxxer.hikari.HikariDataSource       : HikariPool-1 - Shutdown initiated...
2024-09-05T09:42:16.370+04:00  INFO 4340 --- [SpringApplicationShutdownHook] com.zaxxer.hikari.HikariDataSource       : HikariPool-1 - Shutdown completed.
2024-09-05T09:42:52.047+04:00  INFO 8836 --- [Test worker] c.l.controller.BookControllerTest        : Starting BookControllerTest using Java 22.0.1 with PID 8836 (started by mmukhtarov in C:\Users\mmukhtarov\IdeaProjects\Library Management System)
2024-09-05T09:42:52.047+04:00  INFO 8836 --- [Test worker] c.l.controller.BookControllerTest        : No active profile set, falling back to 1 default profile: "default"
2024-09-05T09:42:52.710+04:00  INFO 8836 --- [Test worker] .s.d.r.c.RepositoryConfigurationDelegate : Bootstrapping Spring Data JPA repositories in DEFAULT mode.
2024-09-05T09:42:52.804+04:00  INFO 8836 --- [Test worker] .s.d.r.c.RepositoryConfigurationDelegate : Finished Spring Data repository scanning in 79 ms. Found 7 JPA repository interfaces.
2024-09-05T09:42:54.335+04:00  INFO 8836 --- [Test worker] com.zaxxer.hikari.HikariDataSource       : HikariPool-1 - Starting...
2024-09-05T09:42:54.788+04:00  INFO 8836 --- [Test worker] com.zaxxer.hikari.pool.HikariPool        : HikariPool-1 - Added connection com.mysql.cj.jdbc.ConnectionImpl@6d7677d8
2024-09-05T09:42:54.788+04:00  INFO 8836 --- [Test worker] com.zaxxer.hikari.HikariDataSource       : HikariPool-1 - Start completed.
2024-09-05T09:42:55.622+04:00  INFO 8836 --- [Test worker] o.hibernate.jpa.internal.util.LogHelper  : HHH000204: Processing PersistenceUnitInfo [name: default]
2024-09-05T09:42:55.685+04:00  INFO 8836 --- [Test worker] org.hibernate.Version                    : HHH000412: Hibernate ORM core version 6.5.2.Final
2024-09-05T09:42:55.732+04:00  INFO 8836 --- [Test worker] o.h.c.internal.RegionFactoryInitiator    : HHH000026: Second-level cache disabled
2024-09-05T09:42:55.950+04:00  INFO 8836 --- [Test worker] o.s.o.j.p.SpringPersistenceUnitInfo      : No LoadTimeWeaver setup: ignoring JPA class transformer
2024-09-05T09:42:57.027+04:00  INFO 8836 --- [Test worker] o.h.e.t.j.p.i.JtaPlatformInitiator       : HHH000489: No JTA platform available (set 'hibernate.transaction.jta.platform' to enable JTA platform integration)
2024-09-05T09:42:57.329+04:00  INFO 8836 --- [Test worker] j.LocalContainerEntityManagerFactoryBean : Initialized JPA EntityManagerFactory for persistence unit 'default'
2024-09-05T09:42:57.893+04:00  INFO 8836 --- [Test worker] eAuthenticationProviderManagerConfigurer : Global AuthenticationManager configured with AuthenticationProvider bean with name authenticationProvider
2024-09-05T09:42:57.893+04:00  WARN 8836 --- [Test worker] r$InitializeUserDetailsManagerConfigurer : Global AuthenticationManager configured with an AuthenticationProvider bean. UserDetailsService beans will not be used for username/password login. Consider removing the AuthenticationProvider bean. Alternatively, consider using the UserDetailsService in a manually instantiated DaoAuthenticationProvider.
2024-09-05T09:42:58.180+04:00  WARN 8836 --- [Test worker] JpaBaseConfiguration$JpaWebConfiguration : spring.jpa.open-in-view is enabled by default. Therefore, database queries may be performed during view rendering. Explicitly configure spring.jpa.open-in-view to disable this warning
2024-09-05T09:42:59.180+04:00  INFO 8836 --- [Test worker] o.s.b.t.m.w.SpringBootMockServletContext : Initializing Spring TestDispatcherServlet ''
2024-09-05T09:42:59.180+04:00  INFO 8836 --- [Test worker] o.s.t.web.servlet.TestDispatcherServlet  : Initializing Servlet ''
2024-09-05T09:42:59.180+04:00  INFO 8836 --- [Test worker] o.s.t.web.servlet.TestDispatcherServlet  : Completed initialization in 0 ms
2024-09-05T09:42:59.211+04:00  INFO 8836 --- [Test worker] c.l.controller.BookControllerTest        : Started BookControllerTest in 7.594 seconds (process running for 8.938)
2024-09-05T09:42:59.414+04:00  WARN 8836 --- [Test worker] PageModule$PlainPageSerializationWarning : Serializing PageImpl instances as-is is not supported, meaning that there is no guarantee about the stability of the resulting JSON structure!
	For a stable JSON structure, please use Spring Data's PagedModel (globally via @EnableSpringDataWebSupport(pageSerializationMode = VIA_DTO))
	or Spring HATEOAS and Spring Data's PagedResourcesAssembler as documented in https://docs.spring.io/spring-data/commons/reference/repositories/core-extensions.html#core.web.pageables.

2024-09-05T09:42:59.534+04:00  INFO 8836 --- [SpringApplicationShutdownHook] j.LocalContainerEntityManagerFactoryBean : Closing JPA EntityManagerFactory for persistence unit 'default'
2024-09-05T09:42:59.534+04:00  INFO 8836 --- [SpringApplicationShutdownHook] com.zaxxer.hikari.HikariDataSource       : HikariPool-1 - Shutdown initiated...
2024-09-05T09:42:59.547+04:00  INFO 8836 --- [SpringApplicationShutdownHook] com.zaxxer.hikari.HikariDataSource       : HikariPool-1 - Shutdown completed.
2024-09-05T09:43:29.783+04:00  INFO 12484 --- [Test worker] c.l.controller.BookControllerTest        : Starting BookControllerTest using Java 22.0.1 with PID 12484 (started by mmukhtarov in C:\Users\mmukhtarov\IdeaProjects\Library Management System)
2024-09-05T09:43:29.783+04:00  INFO 12484 --- [Test worker] c.l.controller.BookControllerTest        : No active profile set, falling back to 1 default profile: "default"
2024-09-05T09:43:30.404+04:00  INFO 12484 --- [Test worker] .s.d.r.c.RepositoryConfigurationDelegate : Bootstrapping Spring Data JPA repositories in DEFAULT mode.
2024-09-05T09:43:30.467+04:00  INFO 12484 --- [Test worker] .s.d.r.c.RepositoryConfigurationDelegate : Finished Spring Data repository scanning in 65 ms. Found 7 JPA repository interfaces.
2024-09-05T09:43:31.859+04:00  INFO 12484 --- [Test worker] com.zaxxer.hikari.HikariDataSource       : HikariPool-1 - Starting...
2024-09-05T09:43:32.218+04:00  INFO 12484 --- [Test worker] com.zaxxer.hikari.pool.HikariPool        : HikariPool-1 - Added connection com.mysql.cj.jdbc.ConnectionImpl@62615be
2024-09-05T09:43:32.218+04:00  INFO 12484 --- [Test worker] com.zaxxer.hikari.HikariDataSource       : HikariPool-1 - Start completed.
2024-09-05T09:43:32.923+04:00  INFO 12484 --- [Test worker] o.hibernate.jpa.internal.util.LogHelper  : HHH000204: Processing PersistenceUnitInfo [name: default]
2024-09-05T09:43:32.985+04:00  INFO 12484 --- [Test worker] org.hibernate.Version                    : HHH000412: Hibernate ORM core version 6.5.2.Final
2024-09-05T09:43:33.032+04:00  INFO 12484 --- [Test worker] o.h.c.internal.RegionFactoryInitiator    : HHH000026: Second-level cache disabled
2024-09-05T09:43:33.173+04:00  INFO 12484 --- [Test worker] o.s.o.j.p.SpringPersistenceUnitInfo      : No LoadTimeWeaver setup: ignoring JPA class transformer
2024-09-05T09:43:34.141+04:00  INFO 12484 --- [Test worker] o.h.e.t.j.p.i.JtaPlatformInitiator       : HHH000489: No JTA platform available (set 'hibernate.transaction.jta.platform' to enable JTA platform integration)
2024-09-05T09:43:34.423+04:00  INFO 12484 --- [Test worker] j.LocalContainerEntityManagerFactoryBean : Initialized JPA EntityManagerFactory for persistence unit 'default'
2024-09-05T09:43:34.938+04:00  INFO 12484 --- [Test worker] eAuthenticationProviderManagerConfigurer : Global AuthenticationManager configured with AuthenticationProvider bean with name authenticationProvider
2024-09-05T09:43:34.938+04:00  WARN 12484 --- [Test worker] r$InitializeUserDetailsManagerConfigurer : Global AuthenticationManager configured with an AuthenticationProvider bean. UserDetailsService beans will not be used for username/password login. Consider removing the AuthenticationProvider bean. Alternatively, consider using the UserDetailsService in a manually instantiated DaoAuthenticationProvider.
2024-09-05T09:43:35.172+04:00  WARN 12484 --- [Test worker] JpaBaseConfiguration$JpaWebConfiguration : spring.jpa.open-in-view is enabled by default. Therefore, database queries may be performed during view rendering. Explicitly configure spring.jpa.open-in-view to disable this warning
2024-09-05T09:43:36.032+04:00  INFO 12484 --- [Test worker] o.s.b.t.m.w.SpringBootMockServletContext : Initializing Spring TestDispatcherServlet ''
2024-09-05T09:43:36.032+04:00  INFO 12484 --- [Test worker] o.s.t.web.servlet.TestDispatcherServlet  : Initializing Servlet ''
2024-09-05T09:43:36.032+04:00  INFO 12484 --- [Test worker] o.s.t.web.servlet.TestDispatcherServlet  : Completed initialization in 0 ms
2024-09-05T09:43:36.063+04:00  INFO 12484 --- [Test worker] c.l.controller.BookControllerTest        : Started BookControllerTest in 6.621 seconds (process running for 7.785)
2024-09-05T09:43:36.394+04:00  WARN 12484 --- [Test worker] PageModule$PlainPageSerializationWarning : Serializing PageImpl instances as-is is not supported, meaning that there is no guarantee about the stability of the resulting JSON structure!
	For a stable JSON structure, please use Spring Data's PagedModel (globally via @EnableSpringDataWebSupport(pageSerializationMode = VIA_DTO))
	or Spring HATEOAS and Spring Data's PagedResourcesAssembler as documented in https://docs.spring.io/spring-data/commons/reference/repositories/core-extensions.html#core.web.pageables.

2024-09-05T09:43:36.493+04:00  INFO 12484 --- [SpringApplicationShutdownHook] j.LocalContainerEntityManagerFactoryBean : Closing JPA EntityManagerFactory for persistence unit 'default'
2024-09-05T09:43:36.493+04:00  INFO 12484 --- [SpringApplicationShutdownHook] com.zaxxer.hikari.HikariDataSource       : HikariPool-1 - Shutdown initiated...
2024-09-05T09:43:36.509+04:00  INFO 12484 --- [SpringApplicationShutdownHook] com.zaxxer.hikari.HikariDataSource       : HikariPool-1 - Shutdown completed.
